Arguments: 
  G:\Program Files\nodejs\node.exe G:\Program Files (x86)\Yarn\bin\yarn.js install

PATH: 
  C:\Program Files (x86)\NVIDIA Corporation\PhysX\Common;C:\Program Files (x86)\Intel\iCLS Client\;C:\Program Files\Intel\iCLS Client\;C:\WINDOWS\system32;C:\WINDOWS;C:\WINDOWS\System32\Wbem;C:\WINDOWS\System32\WindowsPowerShell\v1.0\;C:\Program Files (x86)\Intel\Intel(R) Management Engine Components\DAL;C:\Program Files\Intel\Intel(R) Management Engine Components\DAL;C:\Program Files (x86)\Intel\Intel(R) Management Engine Components\IPT;C:\Program Files\Intel\Intel(R) Management Engine Components\IPT;C:\WINDOWS\System32\OpenSSH\;G:\Program Files\nodejs\;G:\Program Files\Git\cmd;G:\Program Files (x86)\Yarn\bin\;C:\Users\razzy\AppData\Local\Microsoft\WindowsApps;C:\Users\razzy\AppData\Roaming\npm;G:\Program Files\Microsoft VS Code\bin;C:\Users\razzy\AppData\Local\Yarn\bin;G:\Program Files\heroku\bin

Yarn version: 
  1.7.0

Node version: 
  8.11.2

Platform: 
  win32 x64

Trace: 
  Error: connect ETIMEDOUT 104.16.23.35:443
      at Object._errnoException (util.js:992:11)
      at _exceptionWithHostPort (util.js:1014:20)
      at TCPConnectWrap.afterConnect [as oncomplete] (net.js:1186:14)

npm manifest: 
  {
    "name": "pwa-complete-guide",
    "version": "1.0.0",
    "description": "A complete guide to PWAs. Building a simple Instagram clone.",
    "main": "index.js",
    "scripts": {
      "start": "http-server -c-1"
    },
    "keywords": [
      "pwa",
      "progressive",
      "web",
      "app",
      "complete",
      "tutorial"
    ],
    "author": "Maximilian Schwarzmüller",
    "license": "ISC",
    "devDependencies": {
      "http-server": "^0.10.0"
    }
  }

yarn manifest: 
  No manifest

Lockfile: 
  No lockfile
